Started GET "/" for 127.0.0.1 at 2019-02-09 17:29:35 -0600
  
ActiveRecord::ConnectionNotEstablished (No connection pool with 'primary' found.):
  
activerecord (5.2.2) lib/active_record/connection_adapters/abstract/connection_pool.rb:1009:in `retrieve_connection'
activerecord (5.2.2) lib/active_record/connection_handling.rb:118:in `retrieve_connection'
activerecord (5.2.2) lib/active_record/connection_handling.rb:90:in `connection'
activerecord (5.2.2) lib/active_record/migration.rb:554:in `call'
actionpack (5.2.2) lib/action_dispatch/middleware/callbacks.rb:28:in `block in call'
activesupport (5.2.2) lib/active_support/callbacks.rb:98:in `run_callbacks'
actionpack (5.2.2) lib/action_dispatch/middleware/callbacks.rb:26:in `call'
actionpack (5.2.2) lib/action_dispatch/middleware/executor.rb:14:in `call'
actionpack (5.2.2) lib/action_dispatch/middleware/debug_exceptions.rb:61:in `call'
web-console (3.7.0) lib/web_console/middleware.rb:135:in `call_app'
web-console (3.7.0) lib/web_console/middleware.rb:30:in `block in call'
web-console (3.7.0) lib/web_console/middleware.rb:20:in `catch'
web-console (3.7.0) lib/web_console/middleware.rb:20:in `call'
actionpack (5.2.2) lib/action_dispatch/middleware/show_exceptions.rb:33:in `call'
railties (5.2.2) lib/rails/rack/logger.rb:38:in `call_app'
railties (5.2.2) lib/rails/rack/logger.rb:26:in `block in call'
activesupport (5.2.2) lib/active_support/tagged_logging.rb:71:in `block in tagged'
activesupport (5.2.2) lib/active_support/tagged_logging.rb:28:in `tagged'
activesupport (5.2.2) lib/active_support/tagged_logging.rb:71:in `tagged'
railties (5.2.2) lib/rails/rack/logger.rb:26:in `call'
sprockets-rails (3.2.1) lib/sprockets/rails/quiet_assets.rb:13:in `call'
actionpack (5.2.2) lib/action_dispatch/middleware/remote_ip.rb:81:in `call'
actionpack (5.2.2) lib/action_dispatch/middleware/request_id.rb:27:in `call'
rack (2.0.6) lib/rack/method_override.rb:22:in `call'
rack (2.0.6) lib/rack/runtime.rb:22:in `call'
activesupport (5.2.2) lib/active_support/cache/strategy/local_cache_middleware.rb:29:in `call'
actionpack (5.2.2) lib/action_dispatch/middleware/executor.rb:14:in `call'
actionpack (5.2.2) lib/action_dispatch/middleware/static.rb:127:in `call'
rack (2.0.6) lib/rack/sendfile.rb:111:in `call'
railties (5.2.2) lib/rails/engine.rb:524:in `call'
puma (3.12.0) lib/puma/configuration.rb:225:in `call'
puma (3.12.0) lib/puma/server.rb:658:in `handle_request'
puma (3.12.0) lib/puma/server.rb:472:in `process_client'
puma (3.12.0) lib/puma/server.rb:332:in `block in run'
puma (3.12.0) lib/puma/thread_pool.rb:133:in `block in spawn_thread'
Started GET "/" for 127.0.0.1 at 2019-02-09 17:30:15 -0600
Processing by Rails::WelcomeController#index as HTML
  Rendering /Users/jiayuhuang/.rbenv/versions/2.6.1/lib/ruby/gems/2.6.0/gems/railties-5.2.2/lib/rails/templates/rails/welcome/index.html.erb
  Rendered /Users/jiayuhuang/.rbenv/versions/2.6.1/lib/ruby/gems/2.6.0/gems/railties-5.2.2/lib/rails/templates/rails/welcome/index.html.erb (3.4ms)
Completed 200 OK in 16ms (Views: 6.7ms | ActiveRecord: 0.0ms)


Started GET "/say/hello" for 127.0.0.1 at 2019-02-09 17:33:26 -0600
Processing by SayController#hello as HTML
  Rendering say/hello.html.erb within layouts/application
  Rendered say/hello.html.erb within layouts/application (1.3ms)
Completed 200 OK in 1099ms (Views: 1089.8ms | ActiveRecord: 0.0ms)


Started GET "/say/hello" for 127.0.0.1 at 2019-02-09 17:34:04 -0600
Processing by SayController#hello as HTML
  Rendering say/hello.html.erb within layouts/application
  Rendered say/hello.html.erb within layouts/application (0.5ms)
Completed 200 OK in 271ms (Views: 260.2ms | ActiveRecord: 0.0ms)


Started GET "/say/hello" for 127.0.0.1 at 2019-02-09 17:34:35 -0600
Processing by SayController#hello as HTML
  Rendering say/hello.html.erb within layouts/application
  Rendered say/hello.html.erb within layouts/application (338.2ms)
Completed 500 Internal Server Error in 341ms (ActiveRecord: 0.0ms)


  
ActionView::Template::Error (undefined local variable or method `​' for #<#<Class:0x00007fa50393a800>:0x00007fa5034bba68>):
    1: <h1>Hello from Rails!</h1>
    2: <p>
    3: 
    4:   It is now ​<%=​ Time.now ​%>​
    5: 
    6: </p>
  
app/views/say/hello.html.erb:4:in `_app_views_say_hello_html_erb__3577711323008066488_70173382820220'
Started GET "/say/hello" for 127.0.0.1 at 2019-02-09 17:35:00 -0600
Processing by SayController#hello as HTML
  Rendering say/hello.html.erb within layouts/application
  Rendered say/hello.html.erb within layouts/application (288.8ms)
Completed 500 Internal Server Error in 292ms (ActiveRecord: 0.0ms)


  
ActionView::Template::Error (undefined local variable or method `​' for #<#<Class:0x00007fa50393a800>:0x00007fa502f51708>):
    1: <h1>Hello from Rails!</h1>
    2: <p> It is now ​<%=​ Time.now ​%>​ </p>
  
app/views/say/hello.html.erb:2:in `_app_views_say_hello_html_erb__3577711323008066488_70173348004780'
Started GET "/say/hello" for 127.0.0.1 at 2019-02-09 17:35:28 -0600
Processing by SayController#hello as HTML
  Rendering say/hello.html.erb within layouts/application
  Rendered say/hello.html.erb within layouts/application (249.8ms)
Completed 500 Internal Server Error in 252ms (ActiveRecord: 0.0ms)


  
ActionView::Template::Error (undefined local variable or method `​' for #<#<Class:0x00007fa50393a800>:0x00007fa506289a30>):
    1: <h1>Hello from Rails!</h1>
    2: <p>
    3:   It is now ​<%= Time.now ​%>​
    4: </p>
  
app/views/say/hello.html.erb:3:in `_app_views_say_hello_html_erb__3577711323008066488_70173374831900'
Started GET "/say/hello" for 127.0.0.1 at 2019-02-09 17:36:52 -0600
Processing by SayController#hello as HTML
  Rendering say/hello.html.erb within layouts/application
  Rendered say/hello.html.erb within layouts/application (0.3ms)
Completed 200 OK in 12ms (Views: 11.2ms | ActiveRecord: 0.0ms)


Started GET "/say/hello" for 127.0.0.1 at 2019-02-09 17:44:28 -0600
Processing by SayController#hello as HTML
  Rendering say/hello.html.erb within layouts/application
  Rendered say/hello.html.erb within layouts/application (1.2ms)
Completed 200 OK in 19ms (Views: 18.2ms | ActiveRecord: 0.0ms)


Started GET "/say/hello" for 127.0.0.1 at 2019-02-09 17:48:32 -0600
Processing by SayController#hello as HTML
  Rendering say/hello.html.erb within layouts/application
  Rendered say/hello.html.erb within layouts/application (1.1ms)
Completed 200 OK in 282ms (Views: 273.4ms | ActiveRecord: 0.0ms)


Started GET "/say/goodbye" for 127.0.0.1 at 2019-02-09 17:48:45 -0600
Processing by SayController#goodbye as HTML
  Rendering say/goodbye.html.erb within layouts/application
  Rendered say/goodbye.html.erb within layouts/application (0.4ms)
Completed 200 OK in 20ms (Views: 18.8ms | ActiveRecord: 0.0ms)


Started GET "/say/hello" for 127.0.0.1 at 2019-02-09 17:53:30 -0600
Processing by SayController#hello as HTML
  Rendering say/hello.html.erb within layouts/application
  Rendered say/hello.html.erb within layouts/application (0.4ms)
Completed 200 OK in 18ms (Views: 17.3ms | ActiveRecord: 0.0ms)


Started GET "/say/goodbye" for 127.0.0.1 at 2019-02-09 17:53:33 -0600
Processing by SayController#goodbye as HTML
  Rendering say/goodbye.html.erb within layouts/application
  Rendered say/goodbye.html.erb within layouts/application (0.4ms)
Completed 200 OK in 17ms (Views: 16.2ms | ActiveRecord: 0.0ms)


Started GET "/say/hello" for 127.0.0.1 at 2019-02-09 17:53:34 -0600
Processing by SayController#hello as HTML
  Rendering say/hello.html.erb within layouts/application
  Rendered say/hello.html.erb within layouts/application (0.8ms)
Completed 200 OK in 56ms (Views: 54.6ms | ActiveRecord: 0.0ms)


Started GET "/say/goodbye" for 127.0.0.1 at 2019-02-09 17:53:34 -0600
Processing by SayController#goodbye as HTML
  Rendering say/goodbye.html.erb within layouts/application
  Rendered say/goodbye.html.erb within layouts/application (0.5ms)
Completed 200 OK in 19ms (Views: 18.3ms | ActiveRecord: 0.0ms)


Started GET "/say/hello" for 127.0.0.1 at 2019-02-09 17:53:35 -0600
Processing by SayController#hello as HTML
  Rendering say/hello.html.erb within layouts/application
  Rendered say/hello.html.erb within layouts/application (0.8ms)
Completed 200 OK in 17ms (Views: 16.1ms | ActiveRecord: 0.0ms)


Started GET "/say/goodbye" for 127.0.0.1 at 2019-02-09 17:53:35 -0600
Processing by SayController#goodbye as HTML
  Rendering say/goodbye.html.erb within layouts/application
  Rendered say/goodbye.html.erb within layouts/application (0.3ms)
Completed 200 OK in 20ms (Views: 18.3ms | ActiveRecord: 0.0ms)


Started GET "/say/hello" for 127.0.0.1 at 2019-02-09 17:56:44 -0600
Processing by SayController#hello as HTML
  Rendering say/hello.html.erb within layouts/application
  Rendered say/hello.html.erb within layouts/application (0.5ms)
Completed 200 OK in 14ms (Views: 13.5ms | ActiveRecord: 0.0ms)


Started GET "/say/goodbye" for 127.0.0.1 at 2019-02-09 17:56:46 -0600
Processing by SayController#goodbye as HTML
  Rendering say/goodbye.html.erb within layouts/application
  Rendered say/goodbye.html.erb within layouts/application (0.4ms)
Completed 200 OK in 25ms (Views: 22.6ms | ActiveRecord: 0.0ms)


Started GET "/say/hello" for 127.0.0.1 at 2019-02-09 17:56:47 -0600
Processing by SayController#hello as HTML
  Rendering say/hello.html.erb within layouts/application
  Rendered say/hello.html.erb within layouts/application (0.8ms)
Completed 200 OK in 18ms (Views: 17.1ms | ActiveRecord: 0.0ms)


Started GET "/say/hello" for 127.0.0.1 at 2019-02-09 17:58:55 -0600
Processing by SayController#hello as HTML
  Rendering say/hello.html.erb within layouts/application
  Rendered say/hello.html.erb within layouts/application (0.4ms)
Completed 200 OK in 12ms (Views: 11.2ms | ActiveRecord: 0.0ms)


Started GET "/say/goodbye" for 127.0.0.1 at 2019-02-09 17:58:57 -0600
Processing by SayController#goodbye as HTML
  Rendering say/goodbye.html.erb within layouts/application
  Rendered say/goodbye.html.erb within layouts/application (1.2ms)
Completed 500 Internal Server Error in 6ms (ActiveRecord: 0.0ms)


  
SyntaxError (/Users/jiayuhuang/jiayu-depot-app-repo/app/views/say/goodbye.html.erb:7: syntax error, unexpected tIDENTIFIER, expecting ')'
...pend=(​ link_to ​"Hello"​, say_hello_path ​);@output...
...                            ^~~
/Users/jiayuhuang/jiayu-depot-app-repo/app/views/say/goodbye.html.erb:7: syntax error, unexpected tIDENTIFIER, expecting do or '{' or '('
...​"Hello"​, say_hello_path ​);@output_buffer.safe_append=...
...                              ^~~):
  
app/views/say/goodbye.html.erb:7: syntax error, unexpected tIDENTIFIER, expecting ')'
app/views/say/goodbye.html.erb:7: syntax error, unexpected tIDENTIFIER, expecting do or '{' or '('
Started GET "/say/goodbye" for 127.0.0.1 at 2019-02-09 17:59:41 -0600
Processing by SayController#goodbye as HTML
  Rendering say/goodbye.html.erb within layouts/application
  Rendered say/goodbye.html.erb within layouts/application (0.4ms)
Completed 200 OK in 29ms (Views: 28.2ms | ActiveRecord: 0.0ms)


Started GET "/say/hello" for 127.0.0.1 at 2019-02-09 17:59:43 -0600
Processing by SayController#hello as HTML
  Rendering say/hello.html.erb within layouts/application
  Rendered say/hello.html.erb within layouts/application (0.6ms)
Completed 200 OK in 30ms (Views: 25.8ms | ActiveRecord: 0.0ms)


Started GET "/say/goodbye" for 127.0.0.1 at 2019-02-09 17:59:44 -0600
Processing by SayController#goodbye as HTML
  Rendering say/goodbye.html.erb within layouts/application
  Rendered say/goodbye.html.erb within layouts/application (0.4ms)
Completed 200 OK in 25ms (Views: 22.8ms | ActiveRecord: 0.0ms)


Started GET "/say/hello" for 127.0.0.1 at 2019-02-09 17:59:45 -0600
Processing by SayController#hello as HTML
  Rendering say/hello.html.erb within layouts/application
  Rendered say/hello.html.erb within layouts/application (1.0ms)
Completed 200 OK in 23ms (Views: 22.0ms | ActiveRecord: 0.0ms)


Started GET "/say/goodbye" for 127.0.0.1 at 2019-02-09 17:59:46 -0600
Processing by SayController#goodbye as HTML
  Rendering say/goodbye.html.erb within layouts/application
  Rendered say/goodbye.html.erb within layouts/application (2.2ms)
Completed 200 OK in 36ms (Views: 34.4ms | ActiveRecord: 0.0ms)


Started GET "/say/hello" for 127.0.0.1 at 2019-02-09 18:12:27 -0600
Processing by SayController#hello as HTML
  Rendering say/hello.html.erb within layouts/application
  Rendered say/hello.html.erb within layouts/application (1.5ms)
Completed 200 OK in 323ms (Views: 313.9ms | ActiveRecord: 0.0ms)


Started GET "/say/hello" for 127.0.0.1 at 2019-02-09 18:13:00 -0600
Processing by SayController#hello as HTML
  Rendering say/hello.html.erb within layouts/application
  Rendered say/hello.html.erb within layouts/application (0.6ms)
Completed 200 OK in 14ms (Views: 12.7ms | ActiveRecord: 0.0ms)


Started GET "/say/hello" for 127.0.0.1 at 2019-02-09 18:14:20 -0600
Processing by SayController#hello as HTML
  Rendering say/hello.html.erb within layouts/application
  Rendered say/hello.html.erb within layouts/application (0.6ms)
Completed 200 OK in 16ms (Views: 14.9ms | ActiveRecord: 0.0ms)


Started GET "/say/hello" for 127.0.0.1 at 2019-02-09 18:17:53 -0600
Processing by SayController#hello as HTML
  Rendering say/hello.html.erb within layouts/application
  Rendered say/hello.html.erb within layouts/application (0.7ms)
Completed 200 OK in 19ms (Views: 18.2ms | ActiveRecord: 0.0ms)


Started GET "/say/hello" for 127.0.0.1 at 2019-02-09 18:19:49 -0600
Processing by SayController#hello as HTML
  Rendering say/hello.html.erb within layouts/application
  Rendered say/hello.html.erb within layouts/application (0.8ms)
Completed 200 OK in 57ms (Views: 56.2ms | ActiveRecord: 0.0ms)


  [1m[35m (0.1ms)[0m  [1m[34mSELECT sqlite_version(*)[0m
  ↳ bin/rails:9
  [1m[35m (1.1ms)[0m  [1m[35mCREATE TABLE "schema_migrations" ("version" varchar NOT NULL PRIMARY KEY)[0m
  ↳ bin/rails:9
  [1m[35m (1.1ms)[0m  [1m[35mCREATE TABLE "ar_internal_metadata" ("key" varchar NOT NULL PRIMARY KEY, "value" varchar, "created_at" datetime NOT NULL, "updated_at" datetime NOT NULL)[0m
  ↳ bin/rails:9
  [1m[35m (0.2ms)[0m  [1m[34mSELECT "schema_migrations"."version" FROM "schema_migrations" ORDER BY "schema_migrations"."version" ASC[0m
  ↳ bin/rails:9
Migrating to CreateProducts (20190210005606)
  [1m[35m (0.2ms)[0m  [1m[34mSELECT "schema_migrations"."version" FROM "schema_migrations" ORDER BY "schema_migrations"."version" ASC[0m
  ↳ bin/rails:9
Migrating to CreateProducts (20190210005606)
  [1m[35m (0.2ms)[0m  [1m[34mSELECT "schema_migrations"."version" FROM "schema_migrations" ORDER BY "schema_migrations"."version" ASC[0m
  ↳ bin/rails:9
Migrating to CreateProducts (20190210011358)
  [1m[35m (0.1ms)[0m  [1m[34mSELECT "schema_migrations"."version" FROM "schema_migrations" ORDER BY "schema_migrations"."version" ASC[0m
  ↳ bin/rails:9
Migrating to CreateProducts (20190210011358)
  [1m[35m (0.1ms)[0m  [1m[36mbegin transaction[0m
  ↳ bin/rails:9
  [1m[35m (0.2ms)[0m  [1m[34mSELECT sqlite_version(*)[0m
  ↳ db/migrate/20190210011358_create_products.rb:3
  [1m[35m (1.0ms)[0m  [1m[35mCREATE TABLE "products" ("id" integer PRIMARY KEY AUTOINCREMENT NOT NULL, "title" varchar, "description" text, "image_url" varchar, "price" decimal, "created_at" datetime NOT NULL, "updated_at" datetime NOT NULL)[0m
  ↳ db/migrate/20190210011358_create_products.rb:3
  [1m[36mActiveRecord::SchemaMigration Create (0.2ms)[0m  [1m[32mINSERT INTO "schema_migrations" ("version") VALUES (?)[0m  [["version", "20190210011358"]]
  ↳ bin/rails:9
  [1m[35m (0.9ms)[0m  [1m[36mcommit transaction[0m
  ↳ bin/rails:9
  [1m[36mActiveRecord::InternalMetadata Load (0.2ms)[0m  [1m[34mSELECT  "ar_internal_metadata".* FROM "ar_internal_metadata" WHERE "ar_internal_metadata"."key" = ? LIMIT ?[0m  [["key", "environment"], ["LIMIT", 1]]
  ↳ bin/rails:9
  [1m[35m (0.0ms)[0m  [1m[36mbegin transaction[0m
  ↳ bin/rails:9
  [1m[36mActiveRecord::InternalMetadata Create (0.5ms)[0m  [1m[32mINSERT INTO "ar_internal_metadata" ("key", "value", "created_at", "updated_at") VALUES (?, ?, ?, ?)[0m  [["key", "environment"], ["value", "development"], ["created_at", "2019-02-10 01:14:58.691665"], ["updated_at", "2019-02-10 01:14:58.691665"]]
  ↳ bin/rails:9
  [1m[35m (1.1ms)[0m  [1m[36mcommit transaction[0m
  ↳ bin/rails:9
  [1m[35m (0.2ms)[0m  [1m[34mSELECT "schema_migrations"."version" FROM "schema_migrations" ORDER BY "schema_migrations"."version" ASC[0m
  ↳ bin/rails:9
  [1m[35m (0.2ms)[0m  [1m[34mSELECT "schema_migrations"."version" FROM "schema_migrations" ORDER BY "schema_migrations"."version" ASC[0m
  ↳ bin/rails:9
  [1m[36mActiveRecord::InternalMetadata Load (0.2ms)[0m  [1m[34mSELECT  "ar_internal_metadata".* FROM "ar_internal_metadata" WHERE "ar_internal_metadata"."key" = ? LIMIT ?[0m  [["key", "environment"], ["LIMIT", 1]]
  ↳ bin/rails:9
  [1m[35m (0.1ms)[0m  [1m[36mbegin transaction[0m
  ↳ bin/rails:9
  [1m[35m (0.0ms)[0m  [1m[36mcommit transaction[0m
  ↳ bin/rails:9
  [1m[35m (0.1ms)[0m  [1m[34mSELECT "schema_migrations"."version" FROM "schema_migrations" ORDER BY "schema_migrations"."version" ASC[0m
  ↳ bin/rails:9
Started GET "/products" for 127.0.0.1 at 2019-02-09 19:25:09 -0600
  [1m[35m (0.4ms)[0m  [1m[34mSELECT "schema_migrations"."version" FROM "schema_migrations" ORDER BY "schema_migrations"."version" ASC[0m
  ↳ /Users/jiayuhuang/.rbenv/versions/2.6.1/lib/ruby/gems/2.6.0/gems/activerecord-5.2.2/lib/active_record/log_subscriber.rb:98
  
SyntaxError (/Users/jiayuhuang/jiayu-depot-app-repo/app/controllers/products_controller.rb:72: syntax error, unexpected ':', expecting ')'
...rams.require(:product).permit(: title, :description, :image_...
...                              ^
/Users/jiayuhuang/jiayu-depot-app-repo/app/controllers/products_controller.rb:72: syntax error, unexpected ',', expecting '.' or &. or :: or '['
...).permit(: title, :description, :image_url, :price)
...                              ^):
  
app/controllers/products_controller.rb:72: syntax error, unexpected ':', expecting ')'
app/controllers/products_controller.rb:72: syntax error, unexpected ',', expecting '.' or &. or :: or '['
Started GET "/Products" for 127.0.0.1 at 2019-02-09 19:26:15 -0600
  
ActionController::RoutingError (No route matches [GET] "/Products"):
  
actionpack (5.2.2) lib/action_dispatch/middleware/debug_exceptions.rb:65:in `call'
web-console (3.7.0) lib/web_console/middleware.rb:135:in `call_app'
web-console (3.7.0) lib/web_console/middleware.rb:30:in `block in call'
web-console (3.7.0) lib/web_console/middleware.rb:20:in `catch'
web-console (3.7.0) lib/web_console/middleware.rb:20:in `call'
actionpack (5.2.2) lib/action_dispatch/middleware/show_exceptions.rb:33:in `call'
railties (5.2.2) lib/rails/rack/logger.rb:38:in `call_app'
railties (5.2.2) lib/rails/rack/logger.rb:26:in `block in call'
activesupport (5.2.2) lib/active_support/tagged_logging.rb:71:in `block in tagged'
activesupport (5.2.2) lib/active_support/tagged_logging.rb:28:in `tagged'
activesupport (5.2.2) lib/active_support/tagged_logging.rb:71:in `tagged'
railties (5.2.2) lib/rails/rack/logger.rb:26:in `call'
sprockets-rails (3.2.1) lib/sprockets/rails/quiet_assets.rb:13:in `call'
actionpack (5.2.2) lib/action_dispatch/middleware/remote_ip.rb:81:in `call'
actionpack (5.2.2) lib/action_dispatch/middleware/request_id.rb:27:in `call'
rack (2.0.6) lib/rack/method_override.rb:22:in `call'
rack (2.0.6) lib/rack/runtime.rb:22:in `call'
activesupport (5.2.2) lib/active_support/cache/strategy/local_cache_middleware.rb:29:in `call'
actionpack (5.2.2) lib/action_dispatch/middleware/executor.rb:14:in `call'
actionpack (5.2.2) lib/action_dispatch/middleware/static.rb:127:in `call'
rack (2.0.6) lib/rack/sendfile.rb:111:in `call'
railties (5.2.2) lib/rails/engine.rb:524:in `call'
puma (3.12.0) lib/puma/configuration.rb:225:in `call'
puma (3.12.0) lib/puma/server.rb:658:in `handle_request'
puma (3.12.0) lib/puma/server.rb:472:in `process_client'
puma (3.12.0) lib/puma/server.rb:332:in `block in run'
puma (3.12.0) lib/puma/thread_pool.rb:133:in `block in spawn_thread'
Started GET "/products" for 127.0.0.1 at 2019-02-09 19:26:20 -0600
  
SyntaxError (/Users/jiayuhuang/jiayu-depot-app-repo/app/controllers/products_controller.rb:72: syntax error, unexpected ':', expecting ')'
...rams.require(:product).permit(: title, :description, :image_...
...                              ^
/Users/jiayuhuang/jiayu-depot-app-repo/app/controllers/products_controller.rb:72: syntax error, unexpected ',', expecting '.' or &. or :: or '['
...).permit(: title, :description, :image_url, :price)
...                              ^):
  
app/controllers/products_controller.rb:72: syntax error, unexpected ':', expecting ')'
app/controllers/products_controller.rb:72: syntax error, unexpected ',', expecting '.' or &. or :: or '['
Started GET "/products" for 127.0.0.1 at 2019-02-09 19:28:35 -0600
  [1m[35m (0.2ms)[0m  [1m[34mSELECT "schema_migrations"."version" FROM "schema_migrations" ORDER BY "schema_migrations"."version" ASC[0m
  ↳ /Users/jiayuhuang/.rbenv/versions/2.6.1/lib/ruby/gems/2.6.0/gems/activerecord-5.2.2/lib/active_record/log_subscriber.rb:98
  
SyntaxError (/Users/jiayuhuang/jiayu-depot-app-repo/app/controllers/products_controller.rb:72: syntax error, unexpected ':', expecting ')'
...rams.require(:product).permit(: title, :description, :image_...
...                              ^
/Users/jiayuhuang/jiayu-depot-app-repo/app/controllers/products_controller.rb:72: syntax error, unexpected ',', expecting '.' or &. or :: or '['
...).permit(: title, :description, :image_url, :price)
...                              ^):
  
app/controllers/products_controller.rb:72: syntax error, unexpected ':', expecting ')'
app/controllers/products_controller.rb:72: syntax error, unexpected ',', expecting '.' or &. or :: or '['
Started GET "/products" for 127.0.0.1 at 2019-02-09 19:31:07 -0600
Processing by ProductsController#index as HTML
  Rendering products/index.html.erb within layouts/application
  [1m[36mProduct Load (0.3ms)[0m  [1m[34mSELECT "products".* FROM "products"[0m
  ↳ app/views/products/index.html.erb:17
  Rendered products/index.html.erb within layouts/application (3.3ms)
Completed 200 OK in 486ms (Views: 474.9ms | ActiveRecord: 0.7ms)


Started GET "/products/new" for 127.0.0.1 at 2019-02-09 19:31:10 -0600
Processing by ProductsController#new as HTML
  Rendering products/new.html.erb within layouts/application
  Rendered products/_form.html.erb (0.8ms)
  Rendered products/new.html.erb within layouts/application (2.1ms)
Completed 500 Internal Server Error in 20ms (ActiveRecord: 2.2ms)


  
SyntaxError (/Users/jiayuhuang/jiayu-depot-app-repo/app/views/products/_form.html.erb:15: syntax error, unexpected ':'
...ut_buffer.append=( form.label : title );@output_buffer.safe_...
...                              ^
/Users/jiayuhuang/jiayu-depot-app-repo/app/views/products/_form.html.erb:16: syntax error, unexpected ':'
...ffer.append=( form.text_field : title );@output_buffer.safe_...
...                              ^):
  
app/views/products/_form.html.erb:15: syntax error, unexpected ':'
app/views/products/_form.html.erb:16: syntax error, unexpected ':'
app/views/products/new.html.erb:3:in `_app_views_products_new_html_erb__1032226932735567449_70230482869060'
Started GET "/products" for 127.0.0.1 at 2019-02-09 19:32:47 -0600
  [1m[35m (0.2ms)[0m  [1m[34mSELECT "schema_migrations"."version" FROM "schema_migrations" ORDER BY "schema_migrations"."version" ASC[0m
  ↳ /Users/jiayuhuang/.rbenv/versions/2.6.1/lib/ruby/gems/2.6.0/gems/activerecord-5.2.2/lib/active_record/log_subscriber.rb:98
  
ActiveRecord::PendingMigrationError (

Migrations are pending. To resolve this issue, run:

        bin/rails db:migrate RAILS_ENV=development

):
  
activerecord (5.2.2) lib/active_record/migration.rb:579:in `check_pending!'
activerecord (5.2.2) lib/active_record/migration.rb:556:in `call'
actionpack (5.2.2) lib/action_dispatch/middleware/callbacks.rb:28:in `block in call'
activesupport (5.2.2) lib/active_support/callbacks.rb:98:in `run_callbacks'
actionpack (5.2.2) lib/action_dispatch/middleware/callbacks.rb:26:in `call'
actionpack (5.2.2) lib/action_dispatch/middleware/executor.rb:14:in `call'
actionpack (5.2.2) lib/action_dispatch/middleware/debug_exceptions.rb:61:in `call'
web-console (3.7.0) lib/web_console/middleware.rb:135:in `call_app'
web-console (3.7.0) lib/web_console/middleware.rb:30:in `block in call'
web-console (3.7.0) lib/web_console/middleware.rb:20:in `catch'
web-console (3.7.0) lib/web_console/middleware.rb:20:in `call'
actionpack (5.2.2) lib/action_dispatch/middleware/show_exceptions.rb:33:in `call'
railties (5.2.2) lib/rails/rack/logger.rb:38:in `call_app'
railties (5.2.2) lib/rails/rack/logger.rb:26:in `block in call'
activesupport (5.2.2) lib/active_support/tagged_logging.rb:71:in `block in tagged'
activesupport (5.2.2) lib/active_support/tagged_logging.rb:28:in `tagged'
activesupport (5.2.2) lib/active_support/tagged_logging.rb:71:in `tagged'
railties (5.2.2) lib/rails/rack/logger.rb:26:in `call'
sprockets-rails (3.2.1) lib/sprockets/rails/quiet_assets.rb:13:in `call'
actionpack (5.2.2) lib/action_dispatch/middleware/remote_ip.rb:81:in `call'
actionpack (5.2.2) lib/action_dispatch/middleware/request_id.rb:27:in `call'
rack (2.0.6) lib/rack/method_override.rb:22:in `call'
rack (2.0.6) lib/rack/runtime.rb:22:in `call'
activesupport (5.2.2) lib/active_support/cache/strategy/local_cache_middleware.rb:29:in `call'
actionpack (5.2.2) lib/action_dispatch/middleware/executor.rb:14:in `call'
actionpack (5.2.2) lib/action_dispatch/middleware/static.rb:127:in `call'
rack (2.0.6) lib/rack/sendfile.rb:111:in `call'
railties (5.2.2) lib/rails/engine.rb:524:in `call'
puma (3.12.0) lib/puma/configuration.rb:225:in `call'
puma (3.12.0) lib/puma/server.rb:658:in `handle_request'
puma (3.12.0) lib/puma/server.rb:472:in `process_client'
puma (3.12.0) lib/puma/server.rb:332:in `block in run'
puma (3.12.0) lib/puma/thread_pool.rb:133:in `block in spawn_thread'
Started GET "/products" for 127.0.0.1 at 2019-02-09 19:33:08 -0600
  [1m[35m (0.2ms)[0m  [1m[34mSELECT "schema_migrations"."version" FROM "schema_migrations" ORDER BY "schema_migrations"."version" ASC[0m
  ↳ /Users/jiayuhuang/.rbenv/versions/2.6.1/lib/ruby/gems/2.6.0/gems/activerecord-5.2.2/lib/active_record/log_subscriber.rb:98
  
ActiveRecord::PendingMigrationError (

Migrations are pending. To resolve this issue, run:

        bin/rails db:migrate RAILS_ENV=development

):
  
activerecord (5.2.2) lib/active_record/migration.rb:579:in `check_pending!'
activerecord (5.2.2) lib/active_record/migration.rb:556:in `call'
actionpack (5.2.2) lib/action_dispatch/middleware/callbacks.rb:28:in `block in call'
activesupport (5.2.2) lib/active_support/callbacks.rb:98:in `run_callbacks'
actionpack (5.2.2) lib/action_dispatch/middleware/callbacks.rb:26:in `call'
actionpack (5.2.2) lib/action_dispatch/middleware/executor.rb:14:in `call'
actionpack (5.2.2) lib/action_dispatch/middleware/debug_exceptions.rb:61:in `call'
web-console (3.7.0) lib/web_console/middleware.rb:135:in `call_app'
web-console (3.7.0) lib/web_console/middleware.rb:30:in `block in call'
web-console (3.7.0) lib/web_console/middleware.rb:20:in `catch'
web-console (3.7.0) lib/web_console/middleware.rb:20:in `call'
actionpack (5.2.2) lib/action_dispatch/middleware/show_exceptions.rb:33:in `call'
railties (5.2.2) lib/rails/rack/logger.rb:38:in `call_app'
railties (5.2.2) lib/rails/rack/logger.rb:26:in `block in call'
activesupport (5.2.2) lib/active_support/tagged_logging.rb:71:in `block in tagged'
activesupport (5.2.2) lib/active_support/tagged_logging.rb:28:in `tagged'
activesupport (5.2.2) lib/active_support/tagged_logging.rb:71:in `tagged'
railties (5.2.2) lib/rails/rack/logger.rb:26:in `call'
sprockets-rails (3.2.1) lib/sprockets/rails/quiet_assets.rb:13:in `call'
actionpack (5.2.2) lib/action_dispatch/middleware/remote_ip.rb:81:in `call'
actionpack (5.2.2) lib/action_dispatch/middleware/request_id.rb:27:in `call'
rack (2.0.6) lib/rack/method_override.rb:22:in `call'
rack (2.0.6) lib/rack/runtime.rb:22:in `call'
activesupport (5.2.2) lib/active_support/cache/strategy/local_cache_middleware.rb:29:in `call'
actionpack (5.2.2) lib/action_dispatch/middleware/executor.rb:14:in `call'
actionpack (5.2.2) lib/action_dispatch/middleware/static.rb:127:in `call'
rack (2.0.6) lib/rack/sendfile.rb:111:in `call'
railties (5.2.2) lib/rails/engine.rb:524:in `call'
puma (3.12.0) lib/puma/configuration.rb:225:in `call'
puma (3.12.0) lib/puma/server.rb:658:in `handle_request'
puma (3.12.0) lib/puma/server.rb:472:in `process_client'
puma (3.12.0) lib/puma/server.rb:332:in `block in run'
puma (3.12.0) lib/puma/thread_pool.rb:133:in `block in spawn_thread'
Started GET "/products" for 127.0.0.1 at 2019-02-09 19:33:12 -0600
  [1m[35m (0.2ms)[0m  [1m[34mSELECT "schema_migrations"."version" FROM "schema_migrations" ORDER BY "schema_migrations"."version" ASC[0m
  ↳ /Users/jiayuhuang/.rbenv/versions/2.6.1/lib/ruby/gems/2.6.0/gems/activerecord-5.2.2/lib/active_record/log_subscriber.rb:98
  
ActiveRecord::PendingMigrationError (

Migrations are pending. To resolve this issue, run:

        bin/rails db:migrate RAILS_ENV=development

):
  
activerecord (5.2.2) lib/active_record/migration.rb:579:in `check_pending!'
activerecord (5.2.2) lib/active_record/migration.rb:556:in `call'
actionpack (5.2.2) lib/action_dispatch/middleware/callbacks.rb:28:in `block in call'
activesupport (5.2.2) lib/active_support/callbacks.rb:98:in `run_callbacks'
actionpack (5.2.2) lib/action_dispatch/middleware/callbacks.rb:26:in `call'
actionpack (5.2.2) lib/action_dispatch/middleware/executor.rb:14:in `call'
actionpack (5.2.2) lib/action_dispatch/middleware/debug_exceptions.rb:61:in `call'
web-console (3.7.0) lib/web_console/middleware.rb:135:in `call_app'
web-console (3.7.0) lib/web_console/middleware.rb:30:in `block in call'
web-console (3.7.0) lib/web_console/middleware.rb:20:in `catch'
web-console (3.7.0) lib/web_console/middleware.rb:20:in `call'
actionpack (5.2.2) lib/action_dispatch/middleware/show_exceptions.rb:33:in `call'
railties (5.2.2) lib/rails/rack/logger.rb:38:in `call_app'
railties (5.2.2) lib/rails/rack/logger.rb:26:in `block in call'
activesupport (5.2.2) lib/active_support/tagged_logging.rb:71:in `block in tagged'
activesupport (5.2.2) lib/active_support/tagged_logging.rb:28:in `tagged'
activesupport (5.2.2) lib/active_support/tagged_logging.rb:71:in `tagged'
railties (5.2.2) lib/rails/rack/logger.rb:26:in `call'
sprockets-rails (3.2.1) lib/sprockets/rails/quiet_assets.rb:13:in `call'
actionpack (5.2.2) lib/action_dispatch/middleware/remote_ip.rb:81:in `call'
actionpack (5.2.2) lib/action_dispatch/middleware/request_id.rb:27:in `call'
rack (2.0.6) lib/rack/method_override.rb:22:in `call'
rack (2.0.6) lib/rack/runtime.rb:22:in `call'
activesupport (5.2.2) lib/active_support/cache/strategy/local_cache_middleware.rb:29:in `call'
actionpack (5.2.2) lib/action_dispatch/middleware/executor.rb:14:in `call'
actionpack (5.2.2) lib/action_dispatch/middleware/static.rb:127:in `call'
rack (2.0.6) lib/rack/sendfile.rb:111:in `call'
railties (5.2.2) lib/rails/engine.rb:524:in `call'
puma (3.12.0) lib/puma/configuration.rb:225:in `call'
puma (3.12.0) lib/puma/server.rb:658:in `handle_request'
puma (3.12.0) lib/puma/server.rb:472:in `process_client'
puma (3.12.0) lib/puma/server.rb:332:in `block in run'
puma (3.12.0) lib/puma/thread_pool.rb:133:in `block in spawn_thread'
  [1m[35m (0.2ms)[0m  [1m[34mSELECT "schema_migrations"."version" FROM "schema_migrations" ORDER BY "schema_migrations"."version" ASC[0m
  ↳ bin/rails:9
Migrating to CreateProducts (20190210013217)
  [1m[35m (0.1ms)[0m  [1m[36mbegin transaction[0m
  ↳ bin/rails:9
  [1m[35m (0.1ms)[0m  [1m[34mSELECT sqlite_version(*)[0m
  ↳ db/migrate/20190210013217_create_products.rb:3
  [1m[35m (0.3ms)[0m  [1m[35mCREATE TABLE "products" ("id" integer PRIMARY KEY AUTOINCREMENT NOT NULL, "title" varchar, "description" text, "image_url" varchar, "price" decimal(8,2), "created_at" datetime NOT NULL, "updated_at" datetime NOT NULL)[0m
  ↳ db/migrate/20190210013217_create_products.rb:3
  [1m[35m (0.0ms)[0m  [1m[31mrollback transaction[0m
  ↳ bin/rails:9
  [1m[35m (0.2ms)[0m  [1m[34mSELECT "schema_migrations"."version" FROM "schema_migrations" ORDER BY "schema_migrations"."version" ASC[0m
  ↳ bin/rails:9
Migrating to CreateProducts (20190210013217)
  [1m[35m (0.1ms)[0m  [1m[36mbegin transaction[0m
  ↳ bin/rails:9
  [1m[35m (0.2ms)[0m  [1m[34mSELECT sqlite_version(*)[0m
  ↳ db/migrate/20190210013217_create_products.rb:3
  [1m[35m (0.7ms)[0m  [1m[35mCREATE TABLE "products" ("id" integer PRIMARY KEY AUTOINCREMENT NOT NULL, "title" varchar, "description" text, "image_url" varchar, "price" decimal(8,2), "created_at" datetime NOT NULL, "updated_at" datetime NOT NULL)[0m
  ↳ db/migrate/20190210013217_create_products.rb:3
  [1m[35m (0.1ms)[0m  [1m[31mrollback transaction[0m
  ↳ bin/rails:9
  [1m[35m (0.2ms)[0m  [1m[34mSELECT "schema_migrations"."version" FROM "schema_migrations" ORDER BY "schema_migrations"."version" ASC[0m
  ↳ bin/rails:9
  [1m[35m (0.2ms)[0m  [1m[34mSELECT "ar_internal_metadata"."value" FROM "ar_internal_metadata" WHERE "ar_internal_metadata"."key" = ?[0m  [["key", "environment"]]
  ↳ bin/rails:9
  [1m[35m (0.1ms)[0m  [1m[34mSELECT "schema_migrations"."version" FROM "schema_migrations" ORDER BY "schema_migrations"."version" ASC[0m
  ↳ bin/rails:9
  [1m[35m (0.1ms)[0m  [1m[34mSELECT "ar_internal_metadata"."value" FROM "ar_internal_metadata" WHERE "ar_internal_metadata"."key" = ?[0m  [["key", "environment"]]
  ↳ bin/rails:9
  [1m[35m (0.1ms)[0m  [1m[34mSELECT "schema_migrations"."version" FROM "schema_migrations" ORDER BY "schema_migrations"."version" ASC[0m
  ↳ bin/rails:9
  [1m[35m (0.1ms)[0m  [1m[34mSELECT "ar_internal_metadata"."value" FROM "ar_internal_metadata" WHERE "ar_internal_metadata"."key" = ?[0m  [["key", "environment"]]
  ↳ bin/rails:9
  [1m[35m (0.1ms)[0m  [1m[34mSELECT sqlite_version(*)[0m
  ↳ bin/rails:9
  [1m[35m (1.2ms)[0m  [1m[35mCREATE TABLE "schema_migrations" ("version" varchar NOT NULL PRIMARY KEY)[0m
  ↳ bin/rails:9
  [1m[35m (1.3ms)[0m  [1m[35mCREATE TABLE "ar_internal_metadata" ("key" varchar NOT NULL PRIMARY KEY, "value" varchar, "created_at" datetime NOT NULL, "updated_at" datetime NOT NULL)[0m
  ↳ bin/rails:9
  [1m[35m (0.1ms)[0m  [1m[34mSELECT "schema_migrations"."version" FROM "schema_migrations" ORDER BY "schema_migrations"."version" ASC[0m
  ↳ bin/rails:9
Migrating to CreateProducts (20190210013217)
  [1m[35m (0.1ms)[0m  [1m[36mbegin transaction[0m
  ↳ bin/rails:9
  [1m[35m (0.5ms)[0m  [1m[35mCREATE TABLE "products" ("id" integer PRIMARY KEY AUTOINCREMENT NOT NULL, "title" varchar, "description" text, "image_url" varchar, "price" decimal(8,2), "created_at" datetime NOT NULL, "updated_at" datetime NOT NULL)[0m
  ↳ db/migrate/20190210013217_create_products.rb:3
  [1m[36mActiveRecord::SchemaMigration Create (0.2ms)[0m  [1m[32mINSERT INTO "schema_migrations" ("version") VALUES (?)[0m  [["version", "20190210013217"]]
  ↳ bin/rails:9
  [1m[35m (1.1ms)[0m  [1m[36mcommit transaction[0m
  ↳ bin/rails:9
  [1m[36mActiveRecord::InternalMetadata Load (0.2ms)[0m  [1m[34mSELECT  "ar_internal_metadata".* FROM "ar_internal_metadata" WHERE "ar_internal_metadata"."key" = ? LIMIT ?[0m  [["key", "environment"], ["LIMIT", 1]]
  ↳ bin/rails:9
  [1m[35m (0.1ms)[0m  [1m[36mbegin transaction[0m
  ↳ bin/rails:9
  [1m[36mActiveRecord::InternalMetadata Create (0.5ms)[0m  [1m[32mINSERT INTO "ar_internal_metadata" ("key", "value", "created_at", "updated_at") VALUES (?, ?, ?, ?)[0m  [["key", "environment"], ["value", "development"], ["created_at", "2019-02-10 01:40:54.563754"], ["updated_at", "2019-02-10 01:40:54.563754"]]
  ↳ bin/rails:9
  [1m[35m (0.8ms)[0m  [1m[36mcommit transaction[0m
  ↳ bin/rails:9
  [1m[35m (0.2ms)[0m  [1m[34mSELECT "schema_migrations"."version" FROM "schema_migrations" ORDER BY "schema_migrations"."version" ASC[0m
  ↳ bin/rails:9
Started GET "/products" for 127.0.0.1 at 2019-02-09 19:41:52 -0600
  [1m[35m (0.6ms)[0m  [1m[34mSELECT "schema_migrations"."version" FROM "schema_migrations" ORDER BY "schema_migrations"."version" ASC[0m
  ↳ /Users/jiayuhuang/.rbenv/versions/2.6.1/lib/ruby/gems/2.6.0/gems/activerecord-5.2.2/lib/active_record/log_subscriber.rb:98
Processing by ProductsController#index as HTML
  Rendering products/index.html.erb within layouts/application
  [1m[36mProduct Load (0.4ms)[0m  [1m[34mSELECT "products".* FROM "products"[0m
  ↳ app/views/products/index.html.erb:17
  Rendered products/index.html.erb within layouts/application (6.0ms)
Completed 200 OK in 333ms (Views: 319.8ms | ActiveRecord: 1.1ms)


Started GET "/products/new" for 127.0.0.1 at 2019-02-09 19:41:54 -0600
Processing by ProductsController#new as HTML
  Rendering products/new.html.erb within layouts/application
  Rendered products/_form.html.erb (29.6ms)
  Rendered products/new.html.erb within layouts/application (33.6ms)
Completed 200 OK in 64ms (Views: 48.8ms | ActiveRecord: 0.7ms)


Started GET "/products" for 127.0.0.1 at 2019-02-09 19:50:54 -0600
Processing by ProductsController#index as HTML
  Rendering products/index.html.erb within layouts/application
  [1m[36mProduct Load (0.2ms)[0m  [1m[34mSELECT "products".* FROM "products"[0m
  ↳ app/views/products/index.html.erb:17
  Rendered products/index.html.erb within layouts/application (2.2ms)
Completed 200 OK in 153ms (Views: 151.0ms | ActiveRecord: 0.4ms)


Started GET "/products/new" for 127.0.0.1 at 2019-02-09 19:50:56 -0600
Processing by ProductsController#new as HTML
  Rendering products/new.html.erb within layouts/application
  Rendered products/_form.html.erb (4.1ms)
  Rendered products/new.html.erb within layouts/application (6.8ms)
Completed 200 OK in 53ms (Views: 50.9ms | ActiveRecord: 0.0ms)


Started POST "/products" for 127.0.0.1 at 2019-02-09 19:52:45 -0600
Processing by ProductsController#create as HTML
  Parameters: {"utf8"=>"✓", "authenticity_token"=>"urGT6Mp0XTMppqGrnNKdKYwGek0w7ay49H15iMpkjYCNBiYpeRWiEIkyCS9dpdqTbmKdsIAWhXZpBuD9AFJa5A==", "product"=>{"title"=>"mobile app", "description"=>"this is an app", "image_url"=>"app.jpg", "price"=>"25.00"}, "commit"=>"Create Product"}
  [1m[35m (0.1ms)[0m  [1m[36mbegin transaction[0m
  ↳ app/controllers/products_controller.rb:30
  [1m[36mProduct Create (0.5ms)[0m  [1m[32mINSERT INTO "products" ("title", "description", "image_url", "price", "created_at", "updated_at") VALUES (?, ?, ?, ?, ?, ?)[0m  [["title", "mobile app"], ["description", "this is an app"], ["image_url", "app.jpg"], ["price", 25.0], ["created_at", "2019-02-10 01:52:45.741028"], ["updated_at", "2019-02-10 01:52:45.741028"]]
  ↳ app/controllers/products_controller.rb:30
  [1m[35m (0.9ms)[0m  [1m[36mcommit transaction[0m
  ↳ app/controllers/products_controller.rb:30
Redirected to http://localhost:3000/products/1
Completed 302 Found in 7ms (ActiveRecord: 1.4ms)


Started GET "/products/1" for 127.0.0.1 at 2019-02-09 19:52:45 -0600
Processing by ProductsController#show as HTML
  Parameters: {"id"=>"1"}
  [1m[36mProduct Load (0.2ms)[0m  [1m[34mSELECT  "products".* FROM "products" WHERE "products"."id" = ? LIMIT ?[0m  [["id", 1], ["LIMIT", 1]]
  ↳ app/controllers/products_controller.rb:67
  Rendering products/show.html.erb within layouts/application
  Rendered products/show.html.erb within layouts/application (1.4ms)
Completed 200 OK in 27ms (Views: 18.5ms | ActiveRecord: 0.2ms)


Started GET "/products/1" for 127.0.0.1 at 2019-02-09 19:53:11 -0600
Processing by ProductsController#show as HTML
  Parameters: {"id"=>"1"}
  [1m[36mProduct Load (0.1ms)[0m  [1m[34mSELECT  "products".* FROM "products" WHERE "products"."id" = ? LIMIT ?[0m  [["id", 1], ["LIMIT", 1]]
  ↳ app/controllers/products_controller.rb:67
  Rendering products/show.html.erb within layouts/application
  Rendered products/show.html.erb within layouts/application (0.6ms)
Completed 200 OK in 25ms (Views: 23.9ms | ActiveRecord: 0.1ms)


Started GET "/products/1/edit" for 127.0.0.1 at 2019-02-09 19:53:14 -0600
Processing by ProductsController#edit as HTML
  Parameters: {"id"=>"1"}
  [1m[36mProduct Load (0.2ms)[0m  [1m[34mSELECT  "products".* FROM "products" WHERE "products"."id" = ? LIMIT ?[0m  [["id", 1], ["LIMIT", 1]]
  ↳ app/controllers/products_controller.rb:67
  Rendering products/edit.html.erb within layouts/application
  Rendered products/_form.html.erb (6.5ms)
  Rendered products/edit.html.erb within layouts/application (8.0ms)
Completed 200 OK in 31ms (Views: 28.2ms | ActiveRecord: 0.2ms)


Started PATCH "/products/1" for 127.0.0.1 at 2019-02-09 19:53:16 -0600
Processing by ProductsController#update as HTML
  Parameters: {"utf8"=>"✓", "authenticity_token"=>"jCaIIIwik4DcGiWMBtye9sOO/ZCTfaCHHqk4tP7BUBFCvEGKfUycucw8Bp5kQ3VT3rMH/u8qIzVdQc0sE23vnw==", "product"=>{"title"=>"mobile app", "description"=>"this is an app", "image_url"=>"app.jpg", "price"=>"25.0"}, "commit"=>"Update Product", "id"=>"1"}
  [1m[36mProduct Load (0.1ms)[0m  [1m[34mSELECT  "products".* FROM "products" WHERE "products"."id" = ? LIMIT ?[0m  [["id", 1], ["LIMIT", 1]]
  ↳ app/controllers/products_controller.rb:67
  [1m[35m (0.1ms)[0m  [1m[36mbegin transaction[0m
  ↳ app/controllers/products_controller.rb:44
  [1m[35m (0.1ms)[0m  [1m[36mcommit transaction[0m
  ↳ app/controllers/products_controller.rb:44
Redirected to http://localhost:3000/products/1
Completed 302 Found in 3ms (ActiveRecord: 0.2ms)


Started GET "/products/1" for 127.0.0.1 at 2019-02-09 19:53:16 -0600
Processing by ProductsController#show as HTML
  Parameters: {"id"=>"1"}
  [1m[36mProduct Load (1.1ms)[0m  [1m[34mSELECT  "products".* FROM "products" WHERE "products"."id" = ? LIMIT ?[0m  [["id", 1], ["LIMIT", 1]]
  ↳ app/controllers/products_controller.rb:67
  Rendering products/show.html.erb within layouts/application
  Rendered products/show.html.erb within layouts/application (1.4ms)
Completed 200 OK in 47ms (Views: 38.4ms | ActiveRecord: 1.1ms)


Started GET "/products/1" for 127.0.0.1 at 2019-02-09 19:53:28 -0600
Processing by ProductsController#show as HTML
  Parameters: {"id"=>"1"}
  [1m[36mProduct Load (0.1ms)[0m  [1m[34mSELECT  "products".* FROM "products" WHERE "products"."id" = ? LIMIT ?[0m  [["id", 1], ["LIMIT", 1]]
  ↳ app/controllers/products_controller.rb:67
  Rendering products/show.html.erb within layouts/application
  Rendered products/show.html.erb within layouts/application (0.6ms)
Completed 200 OK in 22ms (Views: 20.7ms | ActiveRecord: 0.1ms)


Started GET "/products/1/edit" for 127.0.0.1 at 2019-02-09 19:53:39 -0600
Processing by ProductsController#edit as HTML
  Parameters: {"id"=>"1"}
  [1m[36mProduct Load (0.2ms)[0m  [1m[34mSELECT  "products".* FROM "products" WHERE "products"."id" = ? LIMIT ?[0m  [["id", 1], ["LIMIT", 1]]
  ↳ app/controllers/products_controller.rb:67
  Rendering products/edit.html.erb within layouts/application
  Rendered products/_form.html.erb (2.3ms)
  Rendered products/edit.html.erb within layouts/application (3.4ms)
Completed 200 OK in 35ms (Views: 31.5ms | ActiveRecord: 0.2ms)


Started PATCH "/products/1" for 127.0.0.1 at 2019-02-09 19:54:07 -0600
Processing by ProductsController#update as HTML
  Parameters: {"utf8"=>"✓", "authenticity_token"=>"yPo/VuHUDT8ATmMdacGoYBjng68spHVHb5znTpo5EU0GYPb8ELoCBhBoQA8LXkPFBdp5wVDz9vUsdBLWd5Wuww==", "product"=>{"title"=>"mobile app", "description"=>"<p><em> wow </em>this is an app</p>", "image_url"=>"app.jpg", "price"=>"25.0"}, "commit"=>"Update Product", "id"=>"1"}
  [1m[36mProduct Load (0.1ms)[0m  [1m[34mSELECT  "products".* FROM "products" WHERE "products"."id" = ? LIMIT ?[0m  [["id", 1], ["LIMIT", 1]]
  ↳ app/controllers/products_controller.rb:67
  [1m[35m (0.1ms)[0m  [1m[36mbegin transaction[0m
  ↳ app/controllers/products_controller.rb:44
  [1m[36mProduct Update (0.4ms)[0m  [1m[33mUPDATE "products" SET "description" = ?, "updated_at" = ? WHERE "products"."id" = ?[0m  [["description", "<p><em> wow </em>this is an app</p>"], ["updated_at", "2019-02-10 01:54:07.062214"], ["id", 1]]
  ↳ app/controllers/products_controller.rb:44
  [1m[35m (0.8ms)[0m  [1m[36mcommit transaction[0m
  ↳ app/controllers/products_controller.rb:44
Redirected to http://localhost:3000/products/1
Completed 302 Found in 5ms (ActiveRecord: 1.3ms)


Started GET "/products/1" for 127.0.0.1 at 2019-02-09 19:54:07 -0600
Processing by ProductsController#show as HTML
  Parameters: {"id"=>"1"}
  [1m[36mProduct Load (0.3ms)[0m  [1m[34mSELECT  "products".* FROM "products" WHERE "products"."id" = ? LIMIT ?[0m  [["id", 1], ["LIMIT", 1]]
  ↳ app/controllers/products_controller.rb:67
  Rendering products/show.html.erb within layouts/application
  Rendered products/show.html.erb within layouts/application (0.7ms)
Completed 200 OK in 31ms (Views: 25.9ms | ActiveRecord: 0.3ms)


  [1m[35m (0.4ms)[0m  [1m[34mSELECT "schema_migrations"."version" FROM "schema_migrations" ORDER BY "schema_migrations"."version" ASC[0m
  ↳ bin/rails:9
  [1m[36mProduct Destroy (1.3ms)[0m  [1m[31mDELETE FROM "products"[0m
  ↳ db/seeds.rb:9
  [1m[35m (0.0ms)[0m  [1m[36mbegin transaction[0m
  ↳ db/seeds.rb:11
  [1m[36mProduct Create (0.7ms)[0m  [1m[32mINSERT INTO "products" ("title", "description", "image_url", "price", "created_at", "updated_at") VALUES (?, ?, ?, ?, ?, ?)[0m  [["title", "Mobile App"], ["description", "<p>\n      <em> wow app idea </em>\n      this is a mobile app local\n      </p>"], ["image_url", "ruby.jpg"], ["price", 25.0], ["created_at", "2019-02-10 02:40:52.551357"], ["updated_at", "2019-02-10 02:40:52.551357"]]
  ↳ db/seeds.rb:11
  [1m[35m (0.8ms)[0m  [1m[36mcommit transaction[0m
  ↳ db/seeds.rb:11
Started GET "/products/1" for 127.0.0.1 at 2019-02-09 20:47:57 -0600
  [1m[35m (0.2ms)[0m  [1m[34mSELECT "schema_migrations"."version" FROM "schema_migrations" ORDER BY "schema_migrations"."version" ASC[0m
  ↳ /Users/jiayuhuang/.rbenv/versions/2.6.1/lib/ruby/gems/2.6.0/gems/activerecord-5.2.2/lib/active_record/log_subscriber.rb:98
Processing by ProductsController#show as HTML
  Parameters: {"id"=>"1"}
  [1m[36mProduct Load (0.2ms)[0m  [1m[34mSELECT  "products".* FROM "products" WHERE "products"."id" = ? LIMIT ?[0m  [["id", 1], ["LIMIT", 1]]
  ↳ app/controllers/products_controller.rb:67
Completed 404 Not Found in 16ms (ActiveRecord: 1.0ms)


  
ActiveRecord::RecordNotFound (Couldn't find Product with 'id'=1):
  
app/controllers/products_controller.rb:67:in `set_product'
Started GET "/products" for 127.0.0.1 at 2019-02-09 20:48:02 -0600
Processing by ProductsController#index as HTML
  Rendering products/index.html.erb within layouts/application
  Rendered products/index.html.erb within layouts/application (5.1ms)
Completed 500 Internal Server Error in 10ms (ActiveRecord: 0.0ms)


  
SyntaxError (/Users/jiayuhuang/jiayu-depot-app-repo/app/views/products/index.html.erb:11: syntax error, unexpected tIDENTIFIER, expecting ')'
...​ link_to ​'New product'​, new_product_path ​);@outp...
...                            ^~~
/Users/jiayuhuang/jiayu-depot-app-repo/app/views/products/index.html.erb:11: syntax error, unexpected tIDENTIFIER, expecting do or '{' or '('
...oduct'​, new_product_path ​);@output_buffer.safe_append=...
...                            ^~~
/Users/jiayuhuang/jiayu-depot-app-repo/app/views/products/index.html.erb:17: syntax error, unexpected tIDENTIFIER, expecting ')'
...​ cycle(​'list_line_odd'​, ​'list_line_even'​) ​...
...                            ^~~
/Users/jiayuhuang/jiayu-depot-app-repo/app/views/products/index.html.erb:17: syntax error, unexpected tSTRING_BEG, expecting do or '{' or '('
...cle(​'list_line_odd'​, ​'list_line_even'​) ​);@out...
...                              ^
/Users/jiayuhuang/jiayu-depot-app-repo/app/views/products/index.html.erb:17: syntax error, unexpected tIDENTIFIER, expecting ')'
...odd'​, ​'list_line_even'​) ​);@output_buffer.safe_ap...
...                            ^~~
/Users/jiayuhuang/jiayu-depot-app-repo/app/views/products/index.html.erb:20: syntax error, unexpected tSTRING_BEG, expecting do or '{' or '('
...ct.image_url, ​class: ​​'list_image'​) ​);@output_...
...                              ^
/Users/jiayuhuang/jiayu-depot-app-repo/app/views/products/index.html.erb:20: syntax error, unexpected tIDENTIFIER, expecting ')'
...​class: ​​'list_image'​) ​);@output_buffer.safe_ap...
...                            ^~~
/Users/jiayuhuang/jiayu-depot-app-repo/app/views/products/index.html.erb:27: syntax error, unexpected tLABEL, expecting do or '{' or '('
...                     ​length: ​80) ​);@output_buffer.s...
...                     ^~~~~~~~~~
/Users/jiayuhuang/jiayu-depot-app-repo/app/views/products/index.html.erb:33: syntax error, unexpected tIDENTIFIER, expecting ')'
...ppend=(​ link_to ​'Show'​, product ​);@output_buffer...
...                            ^~~
/Users/jiayuhuang/jiayu-depot-app-repo/app/views/products/index.html.erb:33: syntax error, unexpected tIDENTIFIER, expecting do or '{' or '('
...nk_to ​'Show'​, product ​);@output_buffer.safe_append=...
...                            ^~~
/Users/jiayuhuang/jiayu-depot-app-repo/app/views/products/index.html.erb:34: syntax error, unexpected tIDENTIFIER, expecting ')'
...ppend=(​ link_to ​'Edit'​, edit_product_path(product) ...
...                            ^~~
/Users/jiayuhuang/jiayu-depot-app-repo/app/views/products/index.html.erb:34: syntax error, unexpected tIDENTIFIER, expecting '.' or &. or :: or '['
... edit_product_path(product) ​);@output_buffer.safe_append=...
...                            ^~~
/Users/jiayuhuang/jiayu-depot-app-repo/app/views/products/index.html.erb:36: syntax error, unexpected tIDENTIFIER, expecting ')'
...nd=(​ link_to ​'Destroy'​,
...                            ^~~
/Users/jiayuhuang/jiayu-depot-app-repo/app/views/products/index.html.erb:37: syntax error, unexpected tIDENTIFIER, expecting do or '{' or '('
...                        product,
...                        ^~~~~~~
/Users/jiayuhuang/jiayu-depot-app-repo/app/views/products/index.html.erb:38: syntax error, unexpected tLABEL, expecting do or '{' or '('
...                     ​method: :delete​,
...                     ^~~~~~~~~~
/Users/jiayuhuang/jiayu-depot-app-repo/app/views/products/index.html.erb:39: syntax error, unexpected ':', expecting '}'
...      ​data: ​{ ​confirm: ​​'Are you sure?'​ } ...
...                              ^
/Users/jiayuhuang/jiayu-depot-app-repo/app/views/products/index.html.erb:39: syntax error, unexpected tIDENTIFIER, expecting ')'
...nfirm: ​​'Are you sure?'​ } ​);@output_buffer.safe_a...
...                            ^~~):
  
app/views/products/index.html.erb:11: syntax error, unexpected tIDENTIFIER, expecting ')'
app/views/products/index.html.erb:11: syntax error, unexpected tIDENTIFIER, expecting do or '{' or '('
app/views/products/index.html.erb:17: syntax error, unexpected tIDENTIFIER, expecting ')'
app/views/products/index.html.erb:17: syntax error, unexpected tSTRING_BEG, expecting do or '{' or '('
app/views/products/index.html.erb:17: syntax error, unexpected tIDENTIFIER, expecting ')'
app/views/products/index.html.erb:20: syntax error, unexpected tSTRING_BEG, expecting do or '{' or '('
app/views/products/index.html.erb:20: syntax error, unexpected tIDENTIFIER, expecting ')'
app/views/products/index.html.erb:27: syntax error, unexpected tLABEL, expecting do or '{' or '('
app/views/products/index.html.erb:33: syntax error, unexpected tIDENTIFIER, expecting ')'
app/views/products/index.html.erb:33: syntax error, unexpected tIDENTIFIER, expecting do or '{' or '('
app/views/products/index.html.erb:34: syntax error, unexpected tIDENTIFIER, expecting ')'
app/views/products/index.html.erb:34: syntax error, unexpected tIDENTIFIER, expecting '.' or &. or :: or '['
app/views/products/index.html.erb:36: syntax error, unexpected tIDENTIFIER, expecting ')'
app/views/products/index.html.erb:37: syntax error, unexpected tIDENTIFIER, expecting do or '{' or '('
app/views/products/index.html.erb:38: syntax error, unexpected tLABEL, expecting do or '{' or '('
app/views/products/index.html.erb:39: syntax error, unexpected ':', expecting '}'
app/views/products/index.html.erb:39: syntax error, unexpected tIDENTIFIER, expecting ')'
Started GET "/products" for 127.0.0.1 at 2019-02-09 20:48:46 -0600
Processing by ProductsController#index as HTML
  Rendering products/index.html.erb within layouts/application
  [1m[36mProduct Load (0.2ms)[0m  [1m[34mSELECT "products".* FROM "products"[0m
  ↳ app/views/products/index.html.erb:17
  Rendered products/index.html.erb within layouts/application (12.7ms)
Completed 500 Internal Server Error in 260ms (ActiveRecord: 0.2ms)


  
ActionView::Template::Error (Invalid CSS after "	    display: none": expected "{", was ";"):
     5:     <%= csrf_meta_tags %>
     6:     <%= csp_meta_tag %>
     7: 
     8:     <%= stylesheet_link_tag    'application', media: 'all', 'data-turbolinks-track': 'reload' %>
     9:     <%= javascript_include_tag 'application', 'data-turbolinks-track': 'reload' %>
    10:   </head>
    11: 
  
app/assets/stylesheets/products.scss:25
app/views/layouts/application.html.erb:8:in `_app_views_layouts_application_html_erb___1093023023009081629_70323312070500'
Started GET "/products" for 127.0.0.1 at 2019-02-09 20:49:08 -0600
Processing by ProductsController#index as HTML
  Rendering products/index.html.erb within layouts/application
  [1m[36mProduct Load (0.2ms)[0m  [1m[34mSELECT "products".* FROM "products"[0m
  ↳ app/views/products/index.html.erb:17
  Rendered products/index.html.erb within layouts/application (1.6ms)
Completed 200 OK in 183ms (Views: 182.0ms | ActiveRecord: 0.2ms)


Started GET "/products" for 127.0.0.1 at 2019-02-09 20:55:38 -0600
Processing by ProductsController#index as HTML
  Rendering products/index.html.erb within layouts/application
  [1m[36mProduct Load (0.2ms)[0m  [1m[34mSELECT "products".* FROM "products"[0m
  ↳ app/views/products/index.html.erb:17
  Rendered products/index.html.erb within layouts/application (2.9ms)
Completed 200 OK in 72ms (Views: 70.6ms | ActiveRecord: 0.6ms)


Started GET "/products/2" for 127.0.0.1 at 2019-02-09 20:55:44 -0600
Processing by ProductsController#show as HTML
  Parameters: {"id"=>"2"}
  [1m[36mProduct Load (0.3ms)[0m  [1m[34mSELECT  "products".* FROM "products" WHERE "products"."id" = ? LIMIT ?[0m  [["id", 2], ["LIMIT", 1]]
  ↳ app/controllers/products_controller.rb:67
  Rendering products/show.html.erb within layouts/application
  Rendered products/show.html.erb within layouts/application (1.2ms)
Completed 200 OK in 63ms (Views: 60.4ms | ActiveRecord: 0.3ms)


Started GET "/products" for 127.0.0.1 at 2019-02-09 20:55:47 -0600
Processing by ProductsController#index as HTML
  Rendering products/index.html.erb within layouts/application
  [1m[36mProduct Load (0.2ms)[0m  [1m[34mSELECT "products".* FROM "products"[0m
  ↳ app/views/products/index.html.erb:17
  Rendered products/index.html.erb within layouts/application (2.8ms)
Completed 200 OK in 28ms (Views: 26.5ms | ActiveRecord: 0.2ms)


Started GET "/products" for 127.0.0.1 at 2019-02-09 20:56:30 -0600
  [1m[35m (0.2ms)[0m  [1m[34mSELECT "schema_migrations"."version" FROM "schema_migrations" ORDER BY "schema_migrations"."version" ASC[0m
  ↳ /Users/jiayuhuang/.rbenv/versions/2.6.1/lib/ruby/gems/2.6.0/gems/activerecord-5.2.2/lib/active_record/log_subscriber.rb:98
Processing by ProductsController#index as HTML
  Rendering products/index.html.erb within layouts/application
  [1m[36mProduct Load (0.2ms)[0m  [1m[34mSELECT "products".* FROM "products"[0m
  ↳ app/views/products/index.html.erb:17
  Rendered products/index.html.erb within layouts/application (13.8ms)
Completed 200 OK in 343ms (Views: 331.5ms | ActiveRecord: 0.8ms)


Started GET "/products" for 127.0.0.1 at 2019-02-09 21:10:10 -0600
  [1m[35m (0.4ms)[0m  [1m[34mSELECT "schema_migrations"."version" FROM "schema_migrations" ORDER BY "schema_migrations"."version" ASC[0m
  ↳ /Users/jiayuhuang/.rbenv/versions/2.6.1/lib/ruby/gems/2.6.0/gems/activerecord-5.2.2/lib/active_record/log_subscriber.rb:98
Processing by ProductsController#index as HTML
  Rendering products/index.html.erb within layouts/application
  [1m[36mProduct Load (1.2ms)[0m  [1m[34mSELECT "products".* FROM "products"[0m
  ↳ app/views/products/index.html.erb:17
  Rendered products/index.html.erb within layouts/application (48.5ms)
Completed 500 Internal Server Error in 83ms (ActiveRecord: 4.0ms)


  
ActionView::Template::Error (undefined method `image' for #<Product:0x00007f83b3186530>
Did you mean?  image_url):
    17:     <% @products.each do |product| %>
    18:       <tr class= "<%= cycle('list_line_odd', 'list_line_even') %>">
    19:         <td class="image">
    20:           <%= image_tag(product.image.url, class: 'list_image') %>
    21:         </td>
    22:         <td class="description">
    23:           <h1><%= product.title %></h1>
  
app/views/products/index.html.erb:20:in `block in _app_views_products_index_html_erb___4244411779112349389_70101784467460'
app/views/products/index.html.erb:17:in `_app_views_products_index_html_erb___4244411779112349389_70101784467460'
Started GET "/products" for 127.0.0.1 at 2019-02-09 21:11:05 -0600
Processing by ProductsController#index as HTML
  Rendering products/index.html.erb within layouts/application
  [1m[36mProduct Load (0.3ms)[0m  [1m[34mSELECT "products".* FROM "products"[0m
  ↳ app/views/products/index.html.erb:17
  Rendered products/index.html.erb within layouts/application (263.5ms)
Completed 200 OK in 320ms (Views: 318.8ms | ActiveRecord: 0.3ms)


  [1m[35m (0.2ms)[0m  [1m[34mSELECT "schema_migrations"."version" FROM "schema_migrations" ORDER BY "schema_migrations"."version" ASC[0m
  ↳ bin/rails:9
  [1m[36mActiveRecord::InternalMetadata Load (0.2ms)[0m  [1m[34mSELECT  "ar_internal_metadata".* FROM "ar_internal_metadata" WHERE "ar_internal_metadata"."key" = ? LIMIT ?[0m  [["key", "environment"], ["LIMIT", 1]]
  ↳ bin/rails:9
  [1m[35m (0.1ms)[0m  [1m[36mbegin transaction[0m
  ↳ bin/rails:9
  [1m[35m (0.0ms)[0m  [1m[36mcommit transaction[0m
  ↳ bin/rails:9
  [1m[35m (0.1ms)[0m  [1m[34mSELECT "schema_migrations"."version" FROM "schema_migrations" ORDER BY "schema_migrations"."version" ASC[0m
  ↳ bin/rails:9
Started GET "/products" for 127.0.0.1 at 2019-02-09 21:15:25 -0600
  [1m[35m (0.2ms)[0m  [1m[34mSELECT "schema_migrations"."version" FROM "schema_migrations" ORDER BY "schema_migrations"."version" ASC[0m
  ↳ /Users/jiayuhuang/.rbenv/versions/2.6.1/lib/ruby/gems/2.6.0/gems/activerecord-5.2.2/lib/active_record/log_subscriber.rb:98
Processing by ProductsController#index as HTML
  Rendering products/index.html.erb within layouts/application
  [1m[36mProduct Load (0.2ms)[0m  [1m[34mSELECT "products".* FROM "products"[0m
  ↳ app/views/products/index.html.erb:17
  Rendered products/index.html.erb within layouts/application (225.5ms)
Completed 200 OK in 297ms (Views: 285.4ms | ActiveRecord: 1.3ms)


Started GET "/products" for 127.0.0.1 at 2019-02-09 21:15:27 -0600
Processing by ProductsController#index as HTML
  Rendering products/index.html.erb within layouts/application
  [1m[36mProduct Load (0.2ms)[0m  [1m[34mSELECT "products".* FROM "products"[0m
  ↳ app/views/products/index.html.erb:17
  Rendered products/index.html.erb within layouts/application (3.3ms)
Completed 200 OK in 59ms (Views: 58.3ms | ActiveRecord: 0.2ms)


